<?xml version="1.0" encoding="UTF-8"?>
<!-- Generated by org.testng.reporters.JUnitReportReporter -->
<testsuite skipped="0" hostname="LAPTOP-D0CIFDTL" name="package10.Video_23_ExecuteYourTestsInParallelUsingTestNg2" tests="4" failures="0" timestamp="2022-11-27T23:56:36 IST" time="0.012" errors="0">
  <testcase name="testMethod5" time="0.008" classname="package10.Video_23_ExecuteYourTestsInParallelUsingTestNg2"/>
  <system-out/>
  <testcase name="testMethod8" time="0.001" classname="package10.Video_23_ExecuteYourTestsInParallelUsingTestNg2"/>
  <system-out/>
  <testcase name="testMethod7" time="0.001" classname="package10.Video_23_ExecuteYourTestsInParallelUsingTestNg2"/>
  <system-out/>
  <testcase name="testMethod6" time="0.002" classname="package10.Video_23_ExecuteYourTestsInParallelUsingTestNg2"/>
  <system-out/>
</testsuite> <!-- package10.Video_23_ExecuteYourTestsInParallelUsingTestNg2 -->
