<?xml version="1.0" encoding="UTF-8"?>
<!-- Generated by org.testng.reporters.JUnitReportReporter -->
<testsuite skipped="0" hostname="LAPTOP-D0CIFDTL" name="package8.Video_16_DataProvider_Example_TestNg" tests="2" failures="0" timestamp="2022-11-27T17:11:22 IST" time="37.438" errors="0">
  <testcase name="login" time="26.362" classname="package8.Video_16_DataProvider_Example_TestNg"/>
  <system-out/>
  <testcase name="login" time="11.076" classname="package8.Video_16_DataProvider_Example_TestNg"/>
  <system-out/>
</testsuite> <!-- package8.Video_16_DataProvider_Example_TestNg -->
