<?xml version="1.0" encoding="UTF-8"?>
<!-- Generated by org.testng.reporters.JUnitReportReporter -->
<testsuite skipped="0" hostname="LAPTOP-D0CIFDTL" name="package2.Video4_BasicStructureOfTestNgXML" tests="2" failures="0" timestamp="2022-11-26T16:56:07 IST" time="5.696" errors="0">
  <testcase name="f1" time="2.840" classname="package2.Video4_BasicStructureOfTestNgXML"/>
  <system-out/>
  <testcase name="f2" time="2.856" classname="package2.Video4_BasicStructureOfTestNgXML"/>
  <system-out/>
</testsuite> <!-- package2.Video4_BasicStructureOfTestNgXML -->
