<?xml version="1.0" encoding="UTF-8"?>
<!-- Generated by org.testng.reporters.JUnitReportReporter -->
<testsuite skipped="0" hostname="LAPTOP-D0CIFDTL" name="package1.Video_9_OptionalParametersInTestNg" tests="3" failures="0" timestamp="2022-11-26T19:04:46 IST" time="17.679" errors="0">
  <testcase name="testMethod1" time="3.638" classname="package1.Video_9_OptionalParametersInTestNg"/>
  <system-out/>
  <testcase name="testMethod1" time="6.651" classname="package1.Video_9_OptionalParametersInTestNg"/>
  <system-out/>
  <testcase name="testMethod1" time="7.390" classname="package1.Video_9_OptionalParametersInTestNg"/>
  <system-out/>
</testsuite> <!-- package1.Video_9_OptionalParametersInTestNg -->
