<?xml version="1.0" encoding="UTF-8"?>
<!-- Generated by org.testng.reporters.JUnitReportReporter -->
<testsuite skipped="0" hostname="LAPTOP-D0CIFDTL" name="package1.Video_10_HowToEnableOrDisableTestcaseUsingTestNgXMLFile" tests="2" failures="0" timestamp="2022-11-26T19:15:42 IST" time="9.534" errors="0">
  <testcase name="testMethod1" time="6.035" classname="package1.Video_10_HowToEnableOrDisableTestcaseUsingTestNgXMLFile"/>
  <system-out/>
  <testcase name="testMethod1" time="3.499" classname="package1.Video_10_HowToEnableOrDisableTestcaseUsingTestNgXMLFile"/>
  <system-out/>
</testsuite> <!-- package1.Video_10_HowToEnableOrDisableTestcaseUsingTestNgXMLFile -->
