<?xml version="1.0" encoding="UTF-8"?>
<!-- Generated by org.testng.reporters.JUnitReportReporter -->
<testsuite skipped="2" hostname="LAPTOP-D0CIFDTL" name="package12.Video_24_HowToUseInvocationCount_InvocationTimeOut_ThreadPoolSize" tests="6" failures="0" timestamp="2022-11-28T00:57:43 IST" time="23.182" errors="0">
  <testcase name="testMethod3" time="6.661" classname="package12.Video_24_HowToUseInvocationCount_InvocationTimeOut_ThreadPoolSize"/>
  <system-out/>
  <testcase name="testMethod3" time="4.625" classname="package12.Video_24_HowToUseInvocationCount_InvocationTimeOut_ThreadPoolSize"/>
  <system-out/>
  <testcase name="testMethod3" time="7.229" classname="package12.Video_24_HowToUseInvocationCount_InvocationTimeOut_ThreadPoolSize"/>
  <system-out/>
  <testcase name="testMethod3" time="4.667" classname="package12.Video_24_HowToUseInvocationCount_InvocationTimeOut_ThreadPoolSize"/>
  <system-out/>
  <testcase name="testMethod2" classname="package12.Video_24_HowToUseInvocationCount_InvocationTimeOut_ThreadPoolSize">
    <skipped/>
  </testcase> <!-- testMethod2 -->
  <system-out/>
  <testcase name="testMethod1" classname="package12.Video_24_HowToUseInvocationCount_InvocationTimeOut_ThreadPoolSize">
    <skipped/>
  </testcase> <!-- testMethod1 -->
  <system-out/>
</testsuite> <!-- package12.Video_24_HowToUseInvocationCount_InvocationTimeOut_ThreadPoolSize -->
