<?xml version="1.0" encoding="UTF-8"?>
<!-- Generated by org.testng.reporters.JUnitReportReporter -->
<testsuite skipped="0" hostname="LAPTOP-D0CIFDTL" name="package5.Video_13_HowToGroupYourTestsInTestNg2" tests="4" failures="0" timestamp="2022-11-27T08:23:02 IST" time="0.004" errors="0">
  <testcase name="test4" time="0.001" classname="package5.Video_13_HowToGroupYourTestsInTestNg2"/>
  <system-out/>
  <testcase name="test5" time="0.001" classname="package5.Video_13_HowToGroupYourTestsInTestNg2"/>
  <system-out/>
  <testcase name="test6" time="0.001" classname="package5.Video_13_HowToGroupYourTestsInTestNg2"/>
  <system-out/>
  <testcase name="test7" time="0.001" classname="package5.Video_13_HowToGroupYourTestsInTestNg2"/>
  <system-out/>
</testsuite> <!-- package5.Video_13_HowToGroupYourTestsInTestNg2 -->
