<?xml version="1.0" encoding="UTF-8"?>
<!-- Generated by org.testng.reporters.JUnitReportReporter -->
<testsuite skipped="0" hostname="LAPTOP-D0CIFDTL" name="package7.Video_15_HowToCreateTestGroupDependenciesInTestNg" tests="7" failures="0" timestamp="2022-11-27T09:16:48 IST" time="0.014" errors="0">
  <testcase name="test5" time="0.001" classname="package7.Video_15_HowToCreateTestGroupDependenciesInTestNg"/>
  <system-out/>
  <testcase name="test2" time="0.001" classname="package7.Video_15_HowToCreateTestGroupDependenciesInTestNg"/>
  <system-out/>
  <testcase name="test4" time="0.001" classname="package7.Video_15_HowToCreateTestGroupDependenciesInTestNg"/>
  <system-out/>
  <testcase name="test3" time="0.001" classname="package7.Video_15_HowToCreateTestGroupDependenciesInTestNg"/>
  <system-out/>
  <testcase name="test0" time="0.001" classname="package7.Video_15_HowToCreateTestGroupDependenciesInTestNg"/>
  <system-out/>
  <testcase name="test6" time="0.001" classname="package7.Video_15_HowToCreateTestGroupDependenciesInTestNg"/>
  <system-out/>
  <testcase name="test1" time="0.008" classname="package7.Video_15_HowToCreateTestGroupDependenciesInTestNg"/>
  <system-out/>
</testsuite> <!-- package7.Video_15_HowToCreateTestGroupDependenciesInTestNg -->
