<?xml version="1.0" encoding="UTF-8"?>
<!-- Generated by org.testng.reporters.JUnitReportReporter -->
<testsuite skipped="0" hostname="LAPTOP-D0CIFDTL" name="package5.Video_13_HowToGroupYourTestsInTestNg5" tests="3" failures="0" timestamp="2022-11-27T08:23:02 IST" time="0.001" errors="0">
  <testcase name="test1" time="0.001" classname="package5.Video_13_HowToGroupYourTestsInTestNg5"/>
  <system-out/>
  <testcase name="test2" time="0.000" classname="package5.Video_13_HowToGroupYourTestsInTestNg5"/>
  <system-out/>
  <testcase name="test3" time="0.000" classname="package5.Video_13_HowToGroupYourTestsInTestNg5"/>
  <system-out/>
</testsuite> <!-- package5.Video_13_HowToGroupYourTestsInTestNg5 -->
