<?xml version="1.0" encoding="UTF-8"?>
<!-- Generated by org.testng.reporters.JUnitReportReporter -->
<testsuite skipped="0" hostname="LAPTOP-D0CIFDTL" name="package10.Video_23_ExecuteYourTestsInParallelUsingTestNg3" tests="4" failures="0" timestamp="2022-11-27T23:56:36 IST" time="0.009" errors="0">
  <testcase name="testMethod11" time="0.002" classname="package10.Video_23_ExecuteYourTestsInParallelUsingTestNg3"/>
  <system-out/>
  <testcase name="testMethod9" time="0.003" classname="package10.Video_23_ExecuteYourTestsInParallelUsingTestNg3"/>
  <system-out/>
  <testcase name="testMethod12" time="0.002" classname="package10.Video_23_ExecuteYourTestsInParallelUsingTestNg3"/>
  <system-out/>
  <testcase name="testMethod10" time="0.002" classname="package10.Video_23_ExecuteYourTestsInParallelUsingTestNg3"/>
  <system-out/>
</testsuite> <!-- package10.Video_23_ExecuteYourTestsInParallelUsingTestNg3 -->
