<?xml version="1.0" encoding="UTF-8"?>
<!-- Generated by org.testng.reporters.JUnitReportReporter -->
<testsuite skipped="0" hostname="LAPTOP-D0CIFDTL" name="package1.Video3_CreateAndRunFirstTestNgTest" tests="2" failures="0" timestamp="2022-11-26T16:56:07 IST" time="9.390" errors="0">
  <testcase name="f2" time="3.256" classname="package1.Video3_CreateAndRunFirstTestNgTest"/>
  <system-out/>
  <testcase name="f1" time="6.134" classname="package1.Video3_CreateAndRunFirstTestNgTest"/>
  <system-out/>
</testsuite> <!-- package1.Video3_CreateAndRunFirstTestNgTest -->
