<?xml version="1.0" encoding="UTF-8"?>
<!-- Generated by org.testng.reporters.JUnitReportReporter -->
<testsuite skipped="0" hostname="LAPTOP-D0CIFDTL" name="package8.Video_19_HowToProvideDataproviderPartiallyInTestNg" tests="2" failures="0" timestamp="2022-11-27T14:51:49 IST" time="0.006" errors="0">
  <testcase name="test1" time="0.000" classname="package8.Video_19_HowToProvideDataproviderPartiallyInTestNg"/>
  <system-out/>
  <testcase name="test1" time="0.006" classname="package8.Video_19_HowToProvideDataproviderPartiallyInTestNg"/>
  <system-out/>
</testsuite> <!-- package8.Video_19_HowToProvideDataproviderPartiallyInTestNg -->
