<?xml version="1.0" encoding="UTF-8"?>
<!-- Generated by org.testng.reporters.JUnitReportReporter -->
<testsuite skipped="0" hostname="LAPTOP-D0CIFDTL" name="package9.ExcelDataSupplier" tests="4" failures="0" timestamp="2022-11-27T17:02:13 IST" time="0.006" errors="0">
  <testcase name="f" time="0.004" classname="package9.ExcelDataSupplier"/>
  <system-out/>
  <testcase name="f" time="0.000" classname="package9.ExcelDataSupplier"/>
  <system-out/>
  <testcase name="f" time="0.001" classname="package9.ExcelDataSupplier"/>
  <system-out/>
  <testcase name="f" time="0.001" classname="package9.ExcelDataSupplier"/>
  <system-out/>
</testsuite> <!-- package9.ExcelDataSupplier -->
