<?xml version="1.0" encoding="UTF-8"?>
<!-- Generated by org.testng.reporters.JUnitReportReporter -->
<testsuite skipped="0" hostname="LAPTOP-D0CIFDTL" name="package11.Video_23_ExecuteYourTestsInParallelUsingTestNg2" tests="3" failures="0" timestamp="2022-11-28T00:20:03 IST" time="23.498" errors="0">
  <testcase name="testMethod7" time="10.241" classname="package11.Video_23_ExecuteYourTestsInParallelUsingTestNg2"/>
  <system-out/>
  <testcase name="testMethod5" time="6.285" classname="package11.Video_23_ExecuteYourTestsInParallelUsingTestNg2"/>
  <system-out/>
  <testcase name="testMethod6" time="6.972" classname="package11.Video_23_ExecuteYourTestsInParallelUsingTestNg2"/>
  <system-out/>
</testsuite> <!-- package11.Video_23_ExecuteYourTestsInParallelUsingTestNg2 -->
