<?xml version="1.0" encoding="UTF-8"?>
<!-- Generated by org.testng.reporters.JUnitReportReporter -->
<testsuite skipped="0" hostname="LAPTOP-D0CIFDTL" name="package11.Video_23_ExecuteYourTestsInParallelUsingTestNg" tests="3" failures="0" timestamp="2022-11-28T00:20:03 IST" time="19.704" errors="0">
  <testcase name="testMethod2" time="5.305" classname="package11.Video_23_ExecuteYourTestsInParallelUsingTestNg"/>
  <system-out/>
  <testcase name="testMethod1" time="7.918" classname="package11.Video_23_ExecuteYourTestsInParallelUsingTestNg"/>
  <system-out/>
  <testcase name="testMethod13" time="6.481" classname="package11.Video_23_ExecuteYourTestsInParallelUsingTestNg"/>
  <system-out/>
</testsuite> <!-- package11.Video_23_ExecuteYourTestsInParallelUsingTestNg -->
