<?xml version="1.0" encoding="UTF-8"?>
<!-- Generated by org.testng.reporters.JUnitReportReporter -->
<testsuite skipped="0" hostname="LAPTOP-D0CIFDTL" name="package9.Video_21_ParralelExecutionWithDataProviderInTestNg2" tests="4" failures="0" timestamp="2022-11-27T21:35:21 IST" time="47.190" errors="0">
  <testcase name="login" time="10.818" classname="package9.Video_21_ParralelExecutionWithDataProviderInTestNg2"/>
  <system-out/>
  <testcase name="login" time="10.652" classname="package9.Video_21_ParralelExecutionWithDataProviderInTestNg2"/>
  <system-out/>
  <testcase name="login" time="12.604" classname="package9.Video_21_ParralelExecutionWithDataProviderInTestNg2"/>
  <system-out/>
  <testcase name="login" time="13.116" classname="package9.Video_21_ParralelExecutionWithDataProviderInTestNg2"/>
  <system-out/>
</testsuite> <!-- package9.Video_21_ParralelExecutionWithDataProviderInTestNg2 -->
