<?xml version="1.0" encoding="UTF-8"?>
<!-- Generated by org.testng.reporters.JUnitReportReporter -->
<testsuite skipped="0" hostname="LAPTOP-D0CIFDTL" name="package1.Video_7_TestNgAnnotationsAndFlowOfExecutions" tests="2" failures="0" timestamp="2022-11-26T18:00:15 IST" time="0.006" errors="0">
  <testcase name="testMethod1" time="0.004" classname="package1.Video_7_TestNgAnnotationsAndFlowOfExecutions"/>
  <system-out/>
  <testcase name="testMethod2" time="0.002" classname="package1.Video_7_TestNgAnnotationsAndFlowOfExecutions"/>
  <system-out/>
</testsuite> <!-- package1.Video_7_TestNgAnnotationsAndFlowOfExecutions -->
