<?xml version="1.0" encoding="UTF-8"?>
<!-- Generated by org.testng.reporters.JUnitReportReporter -->
<testsuite skipped="3" hostname="LAPTOP-D0CIFDTL" name="package8.Video_17_ParametersOfTestMethodAndReturntypeOfDataProviders" tests="6" failures="0" timestamp="2022-11-27T12:47:56 IST" time="0.009" errors="0">
  <testcase name="test4" time="0.001" classname="package8.Video_17_ParametersOfTestMethodAndReturntypeOfDataProviders"/>
  <system-out/>
  <testcase name="test4" time="0.001" classname="package8.Video_17_ParametersOfTestMethodAndReturntypeOfDataProviders"/>
  <system-out/>
  <testcase name="test4" time="0.007" classname="package8.Video_17_ParametersOfTestMethodAndReturntypeOfDataProviders"/>
  <system-out/>
  <testcase name="test2" classname="package8.Video_17_ParametersOfTestMethodAndReturntypeOfDataProviders">
    <skipped/>
  </testcase> <!-- test2 -->
  <system-out/>
  <testcase name="test3" classname="package8.Video_17_ParametersOfTestMethodAndReturntypeOfDataProviders">
    <skipped/>
  </testcase> <!-- test3 -->
  <system-out/>
  <testcase name="login" classname="package8.Video_17_ParametersOfTestMethodAndReturntypeOfDataProviders">
    <skipped/>
  </testcase> <!-- login -->
  <system-out/>
</testsuite> <!-- package8.Video_17_ParametersOfTestMethodAndReturntypeOfDataProviders -->
