<?xml version="1.0" encoding="UTF-8"?>
<!-- Generated by org.testng.reporters.JUnitReportReporter -->
<testsuite skipped="2" hostname="LAPTOP-D0CIFDTL" name="package10.Video_22_HowToUseTimeOutsAndExpectedExceptionsInTestNg" tests="3" failures="0" timestamp="2022-11-27T22:12:12 IST" time="22.930" errors="0">
  <testcase name="expectedExceptions2" time="22.930" classname="package10.Video_22_HowToUseTimeOutsAndExpectedExceptionsInTestNg"/>
  <system-out/>
  <testcase name="timeOuts" classname="package10.Video_22_HowToUseTimeOutsAndExpectedExceptionsInTestNg">
    <skipped/>
  </testcase> <!-- timeOuts -->
  <system-out/>
  <testcase name="expectedExceptions" classname="package10.Video_22_HowToUseTimeOutsAndExpectedExceptionsInTestNg">
    <skipped/>
  </testcase> <!-- expectedExceptions -->
  <system-out/>
</testsuite> <!-- package10.Video_22_HowToUseTimeOutsAndExpectedExceptionsInTestNg -->
