<?xml version="1.0" encoding="UTF-8"?>
<!-- Generated by org.testng.reporters.JUnitReportReporter -->
<testsuite skipped="0" hostname="LAPTOP-D0CIFDTL" name="package3.Video11_HowToPrioritizeYourTetsInTestNg" tests="5" failures="0" timestamp="2022-11-26T19:38:52 IST" time="0.010" errors="0">
  <testcase name="signup" time="0.006" classname="package3.Video11_HowToPrioritizeYourTetsInTestNg"/>
  <system-out/>
  <testcase name="login" time="0.001" classname="package3.Video11_HowToPrioritizeYourTetsInTestNg"/>
  <system-out/>
  <testcase name="searchFlight" time="0.001" classname="package3.Video11_HowToPrioritizeYourTetsInTestNg"/>
  <system-out/>
  <testcase name="creatingBooking" time="0.001" classname="package3.Video11_HowToPrioritizeYourTetsInTestNg"/>
  <system-out/>
  <testcase name="saveTicekts" time="0.001" classname="package3.Video11_HowToPrioritizeYourTetsInTestNg"/>
  <system-out/>
</testsuite> <!-- package3.Video11_HowToPrioritizeYourTetsInTestNg -->
