<?xml version="1.0" encoding="UTF-8"?>
<!-- Generated by org.testng.reporters.JUnitReportReporter -->
<testsuite skipped="0" hostname="LAPTOP-D0CIFDTL" name="package11.Video_23_ExecuteYourTestsInParallelUsingTestNg3" tests="3" failures="0" timestamp="2022-11-28T00:20:03 IST" time="21.158" errors="0">
  <testcase name="testMethod9" time="5.371" classname="package11.Video_23_ExecuteYourTestsInParallelUsingTestNg3"/>
  <system-out/>
  <testcase name="testMethod11" time="8.711" classname="package11.Video_23_ExecuteYourTestsInParallelUsingTestNg3"/>
  <system-out/>
  <testcase name="testMethod10" time="7.076" classname="package11.Video_23_ExecuteYourTestsInParallelUsingTestNg3"/>
  <system-out/>
</testsuite> <!-- package11.Video_23_ExecuteYourTestsInParallelUsingTestNg3 -->
