<?xml version="1.0" encoding="UTF-8"?>
<!-- Generated by org.testng.reporters.JUnitReportReporter -->
<testsuite skipped="0" hostname="LAPTOP-D0CIFDTL" name="package8.Video_20_HowToCreateDataproviderInSeperateClassInTestNg" tests="4" failures="0" timestamp="2022-11-27T15:08:43 IST" time="0.008" errors="0">
  <testcase name="test1" time="0.001" classname="package8.Video_20_HowToCreateDataproviderInSeperateClassInTestNg"/>
  <system-out/>
  <testcase name="test1" time="0.005" classname="package8.Video_20_HowToCreateDataproviderInSeperateClassInTestNg"/>
  <system-out/>
  <testcase name="test1" time="0.001" classname="package8.Video_20_HowToCreateDataproviderInSeperateClassInTestNg"/>
  <system-out/>
  <testcase name="test1" time="0.001" classname="package8.Video_20_HowToCreateDataproviderInSeperateClassInTestNg"/>
  <system-out/>
</testsuite> <!-- package8.Video_20_HowToCreateDataproviderInSeperateClassInTestNg -->
