<?xml version="1.0" encoding="UTF-8"?>
<!-- Generated by org.testng.reporters.JUnitReportReporter -->
<testsuite skipped="2" hostname="LAPTOP-D0CIFDTL" name="package8.Video_17_ParametersOfTestMethodAndReturntypeOfDataProviders2" tests="4" failures="0" timestamp="2022-11-27T13:05:21 IST" time="0.006" errors="0">
  <testcase name="login3" time="0.001" classname="package8.Video_17_ParametersOfTestMethodAndReturntypeOfDataProviders2"/>
  <system-out/>
  <testcase name="login3" time="0.005" classname="package8.Video_17_ParametersOfTestMethodAndReturntypeOfDataProviders2"/>
  <system-out/>
  <testcase name="login" classname="package8.Video_17_ParametersOfTestMethodAndReturntypeOfDataProviders2">
    <skipped/>
  </testcase> <!-- login -->
  <system-out/>
  <testcase name="login2" classname="package8.Video_17_ParametersOfTestMethodAndReturntypeOfDataProviders2">
    <skipped/>
  </testcase> <!-- login2 -->
  <system-out/>
</testsuite> <!-- package8.Video_17_ParametersOfTestMethodAndReturntypeOfDataProviders2 -->
